
> inamsos-frontend@1.0.0 dev
> next dev

 ⚠ Port 3000 is in use, trying 3001 instead.
 ⚠ Port 3001 is in use, trying 3002 instead.
   ▲ Next.js 14.0.3
   - Local:        http://localhost:3002
   - Environments: .env.local

 ⚠ Invalid next.config.js options detected: 
 ⚠     Unrecognized key(s) in object: 'appDir' at "experimental"
 ⚠ See more info here: https://nextjs.org/docs/messages/invalid-next-config
 ✓ Ready in 3s
 ○ Compiling / ...
 ⚠ ./src/app/layout.tsx
Attempted import error: 'Providers' is not exported from './providers' (imported as 'Providers').

Import trace for requested module:
./src/app/layout.tsx
Warning: React.jsx: type is invalid -- expected a string (for built-in components) or a class/function (for composite components) but got: undefined. You likely forgot to export your component from the file it's defined in, or you might have mixed up default and named imports.

Check your code at layout.tsx:25.
 ⚠ Unsupported metadata themeColor is configured in metadata export. Please move it to viewport export instead.
 ⚠ Unsupported metadata viewport is configured in metadata export. Please move it to viewport export instead.
 ⚠ Unsupported metadata themeColor is configured in metadata export. Please move it to viewport export instead.
 ⚠ Unsupported metadata viewport is configured in metadata export. Please move it to viewport export instead.
 ⨯ Error: Unsupported Server Component type: undefined
    at stringify (<anonymous>)
 ⨯ Error: Unsupported Server Component type: undefined
    at stringify (<anonymous>)
digest: "3016926269"
Warning: React.jsx: type is invalid -- expected a string (for built-in components) or a class/function (for composite components) but got: undefined. You likely forgot to export your component from the file it's defined in, or you might have mixed up default and named imports.

Check your code at layout.tsx:25.
 ⚠ Unsupported metadata themeColor is configured in metadata export. Please move it to viewport export instead.
 ⚠ Unsupported metadata viewport is configured in metadata export. Please move it to viewport export instead.
 ⚠ Unsupported metadata themeColor is configured in metadata export. Please move it to viewport export instead.
 ⚠ Unsupported metadata viewport is configured in metadata export. Please move it to viewport export instead.
 ⨯ Error: Unsupported Server Component type: undefined
    at stringify (<anonymous>)
 ⨯ Error: Unsupported Server Component type: undefined
    at stringify (<anonymous>)
digest: "3016926269"
Warning: React.jsx: type is invalid -- expected a string (for built-in components) or a class/function (for composite components) but got: undefined. You likely forgot to export your component from the file it's defined in, or you might have mixed up default and named imports.

Check your code at layout.tsx:25.
 ⚠ Unsupported metadata themeColor is configured in metadata export. Please move it to viewport export instead.
 ⚠ Unsupported metadata viewport is configured in metadata export. Please move it to viewport export instead.
 ⚠ Unsupported metadata themeColor is configured in metadata export. Please move it to viewport export instead.
 ⚠ Unsupported metadata viewport is configured in metadata export. Please move it to viewport export instead.
 ⨯ Error: Unsupported Server Component type: undefined
    at stringify (<anonymous>)
 ⨯ Error: Unsupported Server Component type: undefined
    at stringify (<anonymous>)
digest: "3016926269"
Warning: React.jsx: type is invalid -- expected a string (for built-in components) or a class/function (for composite components) but got: undefined. You likely forgot to export your component from the file it's defined in, or you might have mixed up default and named imports.

Check your code at layout.tsx:25.
 ⚠ Unsupported metadata themeColor is configured in metadata export. Please move it to viewport export instead.
 ⚠ Unsupported metadata viewport is configured in metadata export. Please move it to viewport export instead.
 ⚠ Unsupported metadata themeColor is configured in metadata export. Please move it to viewport export instead.
 ⚠ Unsupported metadata viewport is configured in metadata export. Please move it to viewport export instead.
 ⨯ Error: Unsupported Server Component type: undefined
    at stringify (<anonymous>)
 ⨯ Error: Unsupported Server Component type: undefined
    at stringify (<anonymous>)
digest: "3016926269"
 ⚠ ./src/app/layout.tsx
Attempted import error: 'Providers' is not exported from './providers' (imported as 'Providers').

Import trace for requested module:
./src/app/layout.tsx
Warning: React.jsx: type is invalid -- expected a string (for built-in components) or a class/function (for composite components) but got: undefined. You likely forgot to export your component from the file it's defined in, or you might have mixed up default and named imports.

Check your code at layout.tsx:25.
